# JRE version: OpenJDK Runtime Environment Temurin-21.0.9+10 (21.0.9+10) (build 21.0.9+10-LTS)
# Java VM: OpenJDK 64-Bit Server VM Temurin-21.0.9+10 (21.0.9+10-LTS, mixed mode, sharing, tiered, compressed oops, compressed class ptrs, parallel gc, windows-amd64)
GC Precious Log:
 CardTable entry size: 512
 CPUs: 16 total, 16 available
 Memory: 7896M
 Large Page Support: Disabled
 NUMA Support: Disabled
 Compressed Oops: Enabled (32-bit)
 Alignments: Space 512K, Generation 512K, Heap 2M
 Heap Min Capacity: 100M
 Heap Initial Capacity: 100M
 Heap Max Capacity: 2G
 Pre-touch: Disabled
 Parallel Workers: 13
Heap:
 PSYoungGen      total 5632K, used 5626K [0x00000000d5580000, 0x00000000d5d00000, 0x0000000100000000)
  eden space 4608K, 100% used [0x00000000d5580000,0x00000000d5a00000,0x00000000d5a00000)
  from space 1024K, 99% used [0x00000000d5b80000,0x00000000d5c7e900,0x00000000d5c80000)
  to   space 1536K, 0% used [0x00000000d5a00000,0x00000000d5a00000,0x00000000d5b80000)
 ParOldGen       total 1194496K, used 1194208K [0x0000000080000000, 0x00000000c8e80000, 0x00000000d5580000)
  object space 1194496K, 99% used [0x0000000080000000,0x00000000c8e38068,0x00000000c8e80000)
 Metaspace       used 110323K, committed 112384K, reserved 1179648K
  class space    used 11023K, committed 11968K, reserved 1048576K
GC Heap History (20 events):
Event: 2973.148 GC heap before
{Heap before GC invocations=7747 (full 25):
 PSYoungGen      total 5120K, used 5120K [0x00000000d5580000, 0x00000000d6c80000, 0x0000000100000000)
  eden space 2048K, 100% used [0x00000000d5580000,0x00000000d5780000,0x00000000d5780000)
  from space 3072K, 100% used [0x00000000d5f80000,0x00000000d6280000,0x00000000d6280000)
  to   space 8192K, 0% used [0x00000000d5780000,0x00000000d5780000,0x00000000d5f80000)
 ParOldGen       total 1182208K, used 1181945K [0x0000000080000000, 0x00000000c8280000, 0x00000000d5580000)
  object space 1182208K, 99% used [0x0000000080000000,0x00000000c823e7c8,0x00000000c8280000)
 Metaspace       used 110309K, committed 112384K, reserved 1179648K
  class space    used 11023K, committed 11968K, reserved 1048576K
}
Event: 2973.201 GC heap after
{Heap after GC invocations=7747 (full 25):
 PSYoungGen      total 4096K, used 1840K [0x00000000d5580000, 0x00000000d6000000, 0x0000000100000000)
  eden space 2048K, 0% used [0x00000000d5580000,0x00000000d5580000,0x00000000d5780000)
  from space 2048K, 89% used [0x00000000d5780000,0x00000000d594c000,0x00000000d5980000)
  to   space 4096K, 0% used [0x00000000d5c00000,0x00000000d5c00000,0x00000000d6000000)
 ParOldGen       total 1185280K, used 1185114K [0x0000000080000000, 0x00000000c8580000, 0x00000000d5580000)
  object space 1185280K, 99% used [0x0000000080000000,0x00000000c8556808,0x00000000c8580000)
 Metaspace       used 110309K, committed 112384K, reserved 1179648K
  class space    used 11023K, committed 11968K, reserved 1048576K
}
Event: 2973.209 GC heap before
{Heap before GC invocations=7748 (full 25):
 PSYoungGen      total 4096K, used 3888K [0x00000000d5580000, 0x00000000d6000000, 0x0000000100000000)
  eden space 2048K, 100% used [0x00000000d5580000,0x00000000d5780000,0x00000000d5780000)
  from space 2048K, 89% used [0x00000000d5780000,0x00000000d594c000,0x00000000d5980000)
  to   space 4096K, 0% used [0x00000000d5c00000,0x00000000d5c00000,0x00000000d6000000)
 ParOldGen       total 1185280K, used 1185114K [0x0000000080000000, 0x00000000c8580000, 0x00000000d5580000)
  object space 1185280K, 99% used [0x0000000080000000,0x00000000c8556808,0x00000000c8580000)
 Metaspace       used 110309K, committed 112384K, reserved 1179648K
  class space    used 11023K, committed 11968K, reserved 1048576K
}
Event: 2973.216 GC heap after
{Heap after GC invocations=7748 (full 25):
 PSYoungGen      total 4096K, used 1472K [0x00000000d5580000, 0x00000000d5d80000, 0x0000000100000000)
  eden space 2560K, 0% used [0x00000000d5580000,0x00000000d5580000,0x00000000d5800000)
  from space 1536K, 95% used [0x00000000d5c00000,0x00000000d5d70000,0x00000000d5d80000)
  to   space 2048K, 0% used [0x00000000d5980000,0x00000000d5980000,0x00000000d5b80000)
 ParOldGen       total 1186816K, used 1186442K [0x0000000080000000, 0x00000000c8700000, 0x00000000d5580000)
  object space 1186816K, 99% used [0x0000000080000000,0x00000000c86a2808,0x00000000c8700000)
 Metaspace       used 110309K, committed 112384K, reserved 1179648K
  class space    used 11023K, committed 11968K, reserved 1048576K
}
Event: 2973.690 GC heap before
{Heap before GC invocations=7749 (full 25):
 PSYoungGen      total 4096K, used 4031K [0x00000000d5580000, 0x00000000d5d80000, 0x0000000100000000)
  eden space 2560K, 99% used [0x00000000d5580000,0x00000000d57fff38,0x00000000d5800000)
  from space 1536K, 95% used [0x00000000d5c00000,0x00000000d5d70000,0x00000000d5d80000)
  to   space 2048K, 0% used [0x00000000d5980000,0x00000000d5980000,0x00000000d5b80000)
 ParOldGen       total 1186816K, used 1186442K [0x0000000080000000, 0x00000000c8700000, 0x00000000d5580000)
  object space 1186816K, 99% used [0x0000000080000000,0x00000000c86a2808,0x00000000c8700000)
 Metaspace       used 110309K, committed 112384K, reserved 1179648K
  class space    used 11023K, committed 11968K, reserved 1048576K
}
Event: 2973.696 GC heap after
{Heap after GC invocations=7749 (full 25):
 PSYoungGen      total 5120K, used 544K [0x00000000d5580000, 0x00000000d5c80000, 0x0000000100000000)
  eden space 3072K, 0% used [0x00000000d5580000,0x00000000d5580000,0x00000000d5880000)
  from space 2048K, 26% used [0x00000000d5980000,0x00000000d5a08000,0x00000000d5b80000)
  to   space 1024K, 0% used [0x00000000d5b80000,0x00000000d5b80000,0x00000000d5c80000)
 ParOldGen       total 1187840K, used 1187762K [0x0000000080000000, 0x00000000c8800000, 0x00000000d5580000)
  object space 1187840K, 99% used [0x0000000080000000,0x00000000c87ec808,0x00000000c8800000)
 Metaspace       used 110309K, committed 112384K, reserved 1179648K
  class space    used 11023K, committed 11968K, reserved 1048576K
}
Event: 2973.971 GC heap before
{Heap before GC invocations=7750 (full 25):
 PSYoungGen      total 5120K, used 3616K [0x00000000d5580000, 0x00000000d5c80000, 0x0000000100000000)
  eden space 3072K, 100% used [0x00000000d5580000,0x00000000d5880000,0x00000000d5880000)
  from space 2048K, 26% used [0x00000000d5980000,0x00000000d5a08000,0x00000000d5b80000)
  to   space 1024K, 0% used [0x00000000d5b80000,0x00000000d5b80000,0x00000000d5c80000)
 ParOldGen       total 1187840K, used 1187762K [0x0000000080000000, 0x00000000c8800000, 0x00000000d5580000)
  object space 1187840K, 99% used [0x0000000080000000,0x00000000c87ec808,0x00000000c8800000)
 Metaspace       used 110309K, committed 112384K, reserved 1179648K
  class space    used 11023K, committed 11968K, reserved 1048576K
}
Event: 2973.975 GC heap after
{Heap after GC invocations=7750 (full 25):
 PSYoungGen      total 4608K, used 224K [0x00000000d5580000, 0x00000000d5c00000, 0x0000000100000000)
  eden space 4096K, 0% used [0x00000000d5580000,0x00000000d5580000,0x00000000d5980000)
  from space 512K, 43% used [0x00000000d5b80000,0x00000000d5bb8000,0x00000000d5c00000)
  to   space 512K, 0% used [0x00000000d5b00000,0x00000000d5b00000,0x00000000d5b80000)
 ParOldGen       total 1188352K, used 1188074K [0x0000000080000000, 0x00000000c8880000, 0x00000000d5580000)
  object space 1188352K, 99% used [0x0000000080000000,0x00000000c883a808,0x00000000c8880000)
 Metaspace       used 110309K, committed 112384K, reserved 1179648K
  class space    used 11023K, committed 11968K, reserved 1048576K
}
Event: 2973.989 GC heap before
{Heap before GC invocations=7751 (full 25):
 PSYoungGen      total 4608K, used 4320K [0x00000000d5580000, 0x00000000d5c00000, 0x0000000100000000)
  eden space 4096K, 100% used [0x00000000d5580000,0x00000000d5980000,0x00000000d5980000)
  from space 512K, 43% used [0x00000000d5b80000,0x00000000d5bb8000,0x00000000d5c00000)
  to   space 512K, 0% used [0x00000000d5b00000,0x00000000d5b00000,0x00000000d5b80000)
 ParOldGen       total 1188352K, used 1188074K [0x0000000080000000, 0x00000000c8880000, 0x00000000d5580000)
  object space 1188352K, 99% used [0x0000000080000000,0x00000000c883a808,0x00000000c8880000)
 Metaspace       used 110309K, committed 112384K, reserved 1179648K
  class space    used 11023K, committed 11968K, reserved 1048576K
}
Event: 2973.994 GC heap after
{Heap after GC invocations=7751 (full 25):
 PSYoungGen      total 5632K, used 480K [0x00000000d5580000, 0x00000000d5f80000, 0x0000000100000000)
  eden space 5120K, 0% used [0x00000000d5580000,0x00000000d5580000,0x00000000d5a80000)
  from space 512K, 93% used [0x00000000d5b00000,0x00000000d5b78108,0x00000000d5b80000)
  to   space 2560K, 0% used [0x00000000d5d00000,0x00000000d5d00000,0x00000000d5f80000)
 ParOldGen       total 1189888K, used 1189576K [0x0000000080000000, 0x00000000c8a00000, 0x00000000d5580000)
  object space 1189888K, 99% used [0x0000000080000000,0x00000000c89b2010,0x00000000c8a00000)
 Metaspace       used 110309K, committed 112384K, reserved 1179648K
  class space    used 11023K, committed 11968K, reserved 1048576K
}
Event: 3083.298 GC heap before
{Heap before GC invocations=7752 (full 25):
 PSYoungGen      total 5632K, used 5597K [0x00000000d5580000, 0x00000000d5f80000, 0x0000000100000000)
  eden space 5120K, 99% used [0x00000000d5580000,0x00000000d5a7f690,0x00000000d5a80000)
  from space 512K, 93% used [0x00000000d5b00000,0x00000000d5b78108,0x00000000d5b80000)
  to   space 2560K, 0% used [0x00000000d5d00000,0x00000000d5d00000,0x00000000d5f80000)
 ParOldGen       total 1189888K, used 1189576K [0x0000000080000000, 0x00000000c8a00000, 0x00000000d5580000)
  object space 1189888K, 99% used [0x0000000080000000,0x00000000c89b2010,0x00000000c8a00000)
 Metaspace       used 110310K, committed 112384K, reserved 1179648K
  class space    used 11023K, committed 11968K, reserved 1048576K
}
Event: 3083.588 GC heap after
{Heap after GC invocations=7752 (full 25):
 PSYoungGen      total 7168K, used 2528K [0x00000000d5580000, 0x00000000d6080000, 0x0000000100000000)
  eden space 4608K, 0% used [0x00000000d5580000,0x00000000d5580000,0x00000000d5a00000)
  from space 2560K, 98% used [0x00000000d5d00000,0x00000000d5f78000,0x00000000d5f80000)
  to   space 3072K, 0% used [0x00000000d5a00000,0x00000000d5a00000,0x00000000d5d00000)
 ParOldGen       total 1190400K, used 1190050K [0x0000000080000000, 0x00000000c8a80000, 0x00000000d5580000)
  object space 1190400K, 99% used [0x0000000080000000,0x00000000c8a28a18,0x00000000c8a80000)
 Metaspace       used 110310K, committed 112384K, reserved 1179648K
  class space    used 11023K, committed 11968K, reserved 1048576K
}
Event: 3129.483 GC heap before
{Heap before GC invocations=7753 (full 25):
 PSYoungGen      total 7168K, used 7135K [0x00000000d5580000, 0x00000000d6080000, 0x0000000100000000)
  eden space 4608K, 99% used [0x00000000d5580000,0x00000000d59fffc8,0x00000000d5a00000)
  from space 2560K, 98% used [0x00000000d5d00000,0x00000000d5f78000,0x00000000d5f80000)
  to   space 3072K, 0% used [0x00000000d5a00000,0x00000000d5a00000,0x00000000d5d00000)
 ParOldGen       total 1190400K, used 1190050K [0x0000000080000000, 0x00000000c8a80000, 0x00000000d5580000)
  object space 1190400K, 99% used [0x0000000080000000,0x00000000c8a28a18,0x00000000c8a80000)
 Metaspace       used 110318K, committed 112384K, reserved 1179648K
  class space    used 11023K, committed 11968K, reserved 1048576K
}
Event: 3129.500 GC heap after
{Heap after GC invocations=7753 (full 25):
 PSYoungGen      total 5120K, used 480K [0x00000000d5580000, 0x00000000d5d80000, 0x0000000100000000)
  eden space 4608K, 0% used [0x00000000d5580000,0x00000000d5580000,0x00000000d5a00000)
  from space 512K, 93% used [0x00000000d5a00000,0x00000000d5a78000,0x00000000d5a80000)
  to   space 1536K, 0% used [0x00000000d5c00000,0x00000000d5c00000,0x00000000d5d80000)
 ParOldGen       total 1192448K, used 1192410K [0x0000000080000000, 0x00000000c8c80000, 0x00000000d5580000)
  object space 1192448K, 99% used [0x0000000080000000,0x00000000c8c76a18,0x00000000c8c80000)
 Metaspace       used 110318K, committed 112384K, reserved 1179648K
  class space    used 11023K, committed 11968K, reserved 1048576K
}
Event: 3130.212 GC heap before
{Heap before GC invocations=7754 (full 25):
 PSYoungGen      total 5120K, used 5088K [0x00000000d5580000, 0x00000000d5d80000, 0x0000000100000000)
  eden space 4608K, 100% used [0x00000000d5580000,0x00000000d5a00000,0x00000000d5a00000)
  from space 512K, 93% used [0x00000000d5a00000,0x00000000d5a78000,0x00000000d5a80000)
  to   space 1536K, 0% used [0x00000000d5c00000,0x00000000d5c00000,0x00000000d5d80000)
 ParOldGen       total 1192448K, used 1192410K [0x0000000080000000, 0x00000000c8c80000, 0x00000000d5580000)
  object space 1192448K, 99% used [0x0000000080000000,0x00000000c8c76a18,0x00000000c8c80000)
 Metaspace       used 110318K, committed 112384K, reserved 1179648K
  class space    used 11023K, committed 11968K, reserved 1048576K
}
Event: 3130.231 GC heap after
{Heap after GC invocations=7754 (full 25):
 PSYoungGen      total 6144K, used 1044K [0x00000000d5580000, 0x00000000d5d80000, 0x0000000100000000)
  eden space 4608K, 0% used [0x00000000d5580000,0x00000000d5580000,0x00000000d5a00000)
  from space 1536K, 68% used [0x00000000d5c00000,0x00000000d5d05200,0x00000000d5d80000)
  to   space 1536K, 0% used [0x00000000d5a80000,0x00000000d5a80000,0x00000000d5c00000)
 ParOldGen       total 1192960K, used 1192727K [0x0000000080000000, 0x00000000c8d00000, 0x00000000d5580000)
  object space 1192960K, 99% used [0x0000000080000000,0x00000000c8cc5c28,0x00000000c8d00000)
 Metaspace       used 110318K, committed 112384K, reserved 1179648K
  class space    used 11023K, committed 11968K, reserved 1048576K
}
Event: 3131.351 GC heap before
{Heap before GC invocations=7755 (full 25):
 PSYoungGen      total 6144K, used 5652K [0x00000000d5580000, 0x00000000d5d80000, 0x0000000100000000)
  eden space 4608K, 100% used [0x00000000d5580000,0x00000000d5a00000,0x00000000d5a00000)
  from space 1536K, 68% used [0x00000000d5c00000,0x00000000d5d05200,0x00000000d5d80000)
  to   space 1536K, 0% used [0x00000000d5a80000,0x00000000d5a80000,0x00000000d5c00000)
 ParOldGen       total 1192960K, used 1192727K [0x0000000080000000, 0x00000000c8d00000, 0x00000000d5580000)
  object space 1192960K, 99% used [0x0000000080000000,0x00000000c8cc5c28,0x00000000c8d00000)
 Metaspace       used 110318K, committed 112384K, reserved 1179648K
  class space    used 11023K, committed 11968K, reserved 1048576K
}
Event: 3131.358 GC heap after
{Heap after GC invocations=7755 (full 25):
 PSYoungGen      total 5632K, used 948K [0x00000000d5580000, 0x00000000d5c80000, 0x0000000100000000)
  eden space 4608K, 0% used [0x00000000d5580000,0x00000000d5580000,0x00000000d5a00000)
  from space 1024K, 92% used [0x00000000d5a80000,0x00000000d5b6d200,0x00000000d5b80000)
  to   space 1024K, 0% used [0x00000000d5b80000,0x00000000d5b80000,0x00000000d5c80000)
 ParOldGen       total 1193472K, used 1193455K [0x0000000080000000, 0x00000000c8d80000, 0x00000000d5580000)
  object space 1193472K, 99% used [0x0000000080000000,0x00000000c8d7be48,0x00000000c8d80000)
 Metaspace       used 110318K, committed 112384K, reserved 1179648K
  class space    used 11023K, committed 11968K, reserved 1048576K
}
Event: 3131.894 GC heap before
{Heap before GC invocations=7756 (full 25):
 PSYoungGen      total 5632K, used 5556K [0x00000000d5580000, 0x00000000d5c80000, 0x0000000100000000)
  eden space 4608K, 100% used [0x00000000d5580000,0x00000000d5a00000,0x00000000d5a00000)
  from space 1024K, 92% used [0x00000000d5a80000,0x00000000d5b6d200,0x00000000d5b80000)
  to   space 1024K, 0% used [0x00000000d5b80000,0x00000000d5b80000,0x00000000d5c80000)
 ParOldGen       total 1193472K, used 1193455K [0x0000000080000000, 0x00000000c8d80000, 0x00000000d5580000)
  object space 1193472K, 99% used [0x0000000080000000,0x00000000c8d7be48,0x00000000c8d80000)
 Metaspace       used 110323K, committed 112384K, reserved 1179648K
  class space    used 11023K, committed 11968K, reserved 1048576K
}
Event: 3131.901 GC heap after
{Heap after GC invocations=7756 (full 25):
 PSYoungGen      total 5632K, used 1018K [0x00000000d5580000, 0x00000000d5d00000, 0x0000000100000000)
  eden space 4608K, 0% used [0x00000000d5580000,0x00000000d5580000,0x00000000d5a00000)
  from space 1024K, 99% used [0x00000000d5b80000,0x00000000d5c7e900,0x00000000d5c80000)
  to   space 1536K, 0% used [0x00000000d5a00000,0x00000000d5a00000,0x00000000d5b80000)
 ParOldGen       total 1194496K, used 1194208K [0x0000000080000000, 0x00000000c8e80000, 0x00000000d5580000)
  object space 1194496K, 99% used [0x0000000080000000,0x00000000c8e38068,0x00000000c8e80000)
 Metaspace       used 110323K, committed 112384K, reserved 1179648K
  class space    used 11023K, committed 11968K, reserved 1048576K
}

